<?xml version="1.0" encoding="UTF-8"?>
<testsuites name="Mocha Tests" time="22.671" tests="1" failures="1">
  <testsuite name="Root Suite" timestamp="2025-12-18T13:38:18" tests="1" file="cypress\e2e\BDD\HYBRID\step_definitions\placeOrder_steps.js" time="22.669" failures="1">
    <testcase name="An uncaught error was detected outside of a test" time="0.000" classname="An uncaught error was detected outside of a test">
      <failure message="The following error originated from your test code, not from Cypress.

  &gt; Expected to find a global registry (this usually means you are trying to define steps or hooks in support/e2e.js, which is not supported) (this might be a bug, please report at https://github.com/badeball/cypress-cucumber-preprocessor)

When Cypress detects uncaught errors originating from your test code it will automatically fail the current test.

Cypress could not associate this error to any specific test.

We dynamically generated a new test to display this failure." type="Error"><![CDATA[Error: The following error originated from your test code, not from Cypress.

  > Expected to find a global registry (this usually means you are trying to define steps or hooks in support/e2e.js, which is not supported) (this might be a bug, please report at https://github.com/badeball/cypress-cucumber-preprocessor)

When Cypress detects uncaught errors originating from your test code it will automatically fail the current test.

Cypress could not associate this error to any specific test.

We dynamically generated a new test to display this failure.
    at createError (https://www.automationexercise.com/__cypress/tests?p=cypress\e2e\BDD\HYBRID\step_definitions\placeOrder_steps.js:13161:16)
    at fail (https://www.automationexercise.com/__cypress/tests?p=cypress\e2e\BDD\HYBRID\step_definitions\placeOrder_steps.js:13218:39)
    at assert (https://www.automationexercise.com/__cypress/tests?p=cypress\e2e\BDD\HYBRID\step_definitions\placeOrder_steps.js:13224:9)
    at ensure (https://www.automationexercise.com/__cypress/tests?p=cypress\e2e\BDD\HYBRID\step_definitions\placeOrder_steps.js:13227:9)
    at getRegistry (https://www.automationexercise.com/__cypress/tests?p=cypress\e2e\BDD\HYBRID\step_definitions\placeOrder_steps.js:15800:40)
    at defineStep (https://www.automationexercise.com/__cypress/tests?p=cypress\e2e\BDD\HYBRID\step_definitions\placeOrder_steps.js:16967:36)
    at eval (https://www.automationexercise.com/__cypress/tests?p=cypress\e2e\BDD\HYBRID\step_definitions\placeOrder_steps.js:17225:50)
    at eval (https://www.automationexercise.com/__cypress/tests?p=cypress\e2e\BDD\HYBRID\step_definitions\placeOrder_steps.js:17266:3)
    at eval (<anonymous>)
    at <unknown> (https://www.automationexercise.com/__cypress/runner/cypress_runner.js:113869:23)]]></failure>
    </testcase>
  </testsuite>
</testsuites>