<?xml version="1.0" encoding="UTF-8"?>
<testsuites name="Mocha Tests" time="44.560" tests="1" failures="0">
  <testsuite name="Root Suite" timestamp="2025-12-18T06:30:14" tests="0" file="cypress\e2e\HYBRID\placeorder.cy.js" time="0.000" failures="0">
  </testsuite>
  <testsuite name="Place Order Flow" timestamp="2025-12-18T06:30:14" tests="1" time="44.553" failures="0">
    <testcase name="Place Order Flow should place order successfully" time="44.471" classname="should place order successfully">
    </testcase>
  </testsuite>
</testsuites>