<?xml version="1.0" encoding="UTF-8"?>
<testsuites name="Mocha Tests" time="47.292" tests="1" failures="0">
  <testsuite name="Root Suite" timestamp="2025-12-18T13:02:07" tests="0" file="cypress\e2e\HYBRID\placeorder.cy.js" time="0.000" failures="0">
  </testsuite>
  <testsuite name="Place Order Flow" timestamp="2025-12-18T13:02:07" tests="1" time="47.279" failures="0">
    <testcase name="Place Order Flow should place order successfully" time="47.084" classname="should place order successfully">
    </testcase>
  </testsuite>
</testsuites>