<?xml version="1.0" encoding="UTF-8"?>
<testsuites name="Mocha Tests" time="66.119" tests="1" failures="0">
  <testsuite name="Root Suite" timestamp="2025-12-18T06:41:17" tests="0" file="cypress\e2e\HYBRID\placeorder.cy.js" time="0.000" failures="0">
  </testsuite>
  <testsuite name="Place Order Flow" timestamp="2025-12-18T06:41:17" tests="1" time="66.110" failures="0">
    <testcase name="Place Order Flow should place order successfully" time="65.998" classname="should place order successfully">
    </testcase>
  </testsuite>
</testsuites>