<?xml version="1.0" encoding="UTF-8"?>
<testsuites name="Mocha Tests" time="0.370" tests="1" failures="1">
  <testsuite name="Root Suite" timestamp="2025-12-18T13:32:34" tests="0" file="cypress\e2e\BDD\HYBRID\placeOrder.feature" time="0.000" failures="0">
  </testsuite>
  <testsuite name="Place Order Flow" timestamp="2025-12-18T13:32:34" tests="1" time="0.368" failures="1">
    <testcase name="Place Order Flow Successfully place an order" time="0.000" classname="Successfully place an order">
      <failure message="
Step implementation missing for &quot;the user is on the home page&quot;.

We tried searching for files containing step definitions using the following search pattern templates:

  - cypress\e2e\BDD\HYBRID/[filepath]/**/*.{js,mjs,ts,tsx}
  - cypress\e2e\BDD\HYBRID/[filepath].{js,mjs,ts,tsx}
  - cypress/support/step_definitions/**/*.{js,mjs,ts,tsx}

These templates resolved to the following search patterns:

  - cypress\e2e\BDD\HYBRID/placeOrder/**/*.{js,mjs,ts,tsx}
  - cypress\e2e\BDD\HYBRID/placeOrder.{js,mjs,ts,tsx}
  - cypress/support/step_definitions/**/*.{js,mjs,ts,tsx}

These patterns matched **no files** containing step definitions. This almost certainly means that you have misconfigured `stepDefinitions`.

You can implement it using the suggestion(s) below.

  Given(&quot;the user is on the home page&quot;, function () {
    return &quot;pending&quot;;
  });
  " type="Error"><![CDATA[Error: 
Step implementation missing for "the user is on the home page".

We tried searching for files containing step definitions using the following search pattern templates:

  - cypress\e2e\BDD\HYBRID/[filepath]/**/*.{js,mjs,ts,tsx}
  - cypress\e2e\BDD\HYBRID/[filepath].{js,mjs,ts,tsx}
  - cypress/support/step_definitions/**/*.{js,mjs,ts,tsx}

These templates resolved to the following search patterns:

  - cypress\e2e\BDD\HYBRID/placeOrder/**/*.{js,mjs,ts,tsx}
  - cypress\e2e\BDD\HYBRID/placeOrder.{js,mjs,ts,tsx}
  - cypress/support/step_definitions/**/*.{js,mjs,ts,tsx}

These patterns matched **no files** containing step definitions. This almost certainly means that you have misconfigured `stepDefinitions`.

You can implement it using the suggestion(s) below.

  Given("the user is on the home page", function () {
    return "pending";
  });
  
    at Context.eval (https://www.automationexercise.com/__cypress/tests?p=cypress\e2e\BDD\HYBRID\placeOrder.feature:16380:35)
    at getRet (https://www.automationexercise.com/__cypress/runner/cypress_runner.js:122649:20)
    at tryCatcher (https://www.automationexercise.com/__cypress/runner/cypress_runner.js:1777:23)
    at Promise.attempt.Promise.try (https://www.automationexercise.com/__cypress/runner/cypress_runner.js:4285:29)
    at Context.thenFn (https://www.automationexercise.com/__cypress/runner/cypress_runner.js:122660:66)
    at Context.then (https://www.automationexercise.com/__cypress/runner/cypress_runner.js:122911:21)
    at wrapped (https://www.automationexercise.com/__cypress/runner/cypress_runner.js:146023:19)
    at <unknown> (https://www.automationexercise.com/__cypress/runner/cypress_runner.js:151992:15)
    at tryCatcher (https://www.automationexercise.com/__cypress/runner/cypress_runner.js:1777:23)]]></failure>
    </testcase>
  </testsuite>
</testsuites>