<?xml version="1.0" encoding="UTF-8"?>
<testsuites name="Mocha Tests" time="2.261" tests="1" failures="0">
  <testsuite name="Root Suite" timestamp="2025-12-18T06:41:11" tests="0" file="cypress\e2e\API\CRUD_user.cy.js" time="0.000" failures="0">
  </testsuite>
  <testsuite name="PlaceOrderApi" timestamp="2025-12-18T06:41:11" tests="1" time="2.258" failures="0">
    <testcase name="PlaceOrderApi PlaceOrder Using API" time="2.212" classname="PlaceOrder Using API">
    </testcase>
  </testsuite>
</testsuites>